[debug] [2022-03-05T20:00:24.493Z] ----------------------------------------------------------------------
[debug] [2022-03-05T20:00:24.495Z] Command:       C:\Program Files\nodejs\node.exe C:\Users\obumnwabude\AppData\Roaming\npm\node_modules\firebase-tools\lib\bin\firebase.js emulators:start
[debug] [2022-03-05T20:00:24.495Z] CLI Version:   10.2.2
[debug] [2022-03-05T20:00:24.495Z] Platform:      win32
[debug] [2022-03-05T20:00:24.495Z] Node Version:  v16.13.2
[debug] [2022-03-05T20:00:24.496Z] Time:          Sat Mar 05 2022 21:00:24 GMT+0100 (West Africa Standard Time)
[debug] [2022-03-05T20:00:24.496Z] ----------------------------------------------------------------------
[debug] 
[debug] [2022-03-05T20:00:24.557Z] > command requires scopes: ["email","openid","https://www.googleapis.com/auth/cloudplatformprojects.readonly","https://www.googleapis.com/auth/firebase","https://www.googleapis.com/auth/cloud-platform"]
[debug] [2022-03-05T20:00:24.557Z] > authorizing via signed-in user (genesysfunai@gmail.com)
[info] i  emulators: Starting emulators: auth, functions, firestore, hosting {"metadata":{"emulator":{"name":"hub"},"message":"Starting emulators: auth, functions, firestore, hosting"}}
[debug] [2022-03-05T20:00:24.572Z] [hub] writing locator at C:\Users\OBUMNW~1\AppData\Local\Temp\hub-genesysaefunai.json
[warn] !  functions: The following emulators are not running, calls to these services from the Functions emulator will affect production: database, pubsub, storage {"metadata":{"emulator":{"name":"functions"},"message":"The following emulators are not running, calls to these services from the Functions emulator will affect production: \u001b[1mdatabase, pubsub, storage\u001b[22m"}}
[info] +  functions: Using node@16 from host. {"metadata":{"emulator":{"name":"functions"},"message":"Using node@16 from host."}}
[debug] [2022-03-05T20:00:24.587Z] defaultcredentials: writing to file C:\Users\obumnwabude\AppData\Roaming\firebase\genesysfunai_gmail_com_application_default_credentials.json
[debug] [2022-03-05T20:00:24.588Z] Setting GAC to C:\Users\obumnwabude\AppData\Roaming\firebase\genesysfunai_gmail_com_application_default_credentials.json {"metadata":{"emulator":{"name":"functions"},"message":"Setting GAC to C:\\Users\\obumnwabude\\AppData\\Roaming\\firebase\\genesysfunai_gmail_com_application_default_credentials.json"}}
[debug] [2022-03-05T20:00:24.590Z] > refreshing access token with scopes: []
[debug] [2022-03-05T20:00:24.590Z] >>> HTTP REQUEST POST https://www.googleapis.com/oauth2/v3/token  
 <request body omitted>
[debug] [2022-03-05T20:00:25.100Z] <<< HTTP RESPONSE 200 {"pragma":"no-cache","expires":"Mon, 01 Jan 1990 00:00:00 GMT","cache-control":"no-cache, no-store, max-age=0, must-revalidate","date":"Sat, 05 Mar 2022 20:00:26 GMT","content-type":"application/json; charset=utf-8","vary":"X-Origin, Referer, Origin,Accept-Encoding","server":"scaffolding on HTTPServer2","x-xss-protection":"0","x-frame-options":"SAMEORIGIN","x-content-type-options":"nosniff","alt-svc":"h3=\":443\"; ma=2592000,h3-29=\":443\"; ma=2592000,h3-Q050=\":443\"; ma=2592000,h3-Q046=\":443\"; ma=2592000,h3-Q043=\":443\"; ma=2592000,quic=\":443\"; ma=2592000; v=\"46,43\"","accept-ranges":"none","transfer-encoding":"chunked"}
[debug] [2022-03-05T20:00:25.113Z] >>> [apiv2][query] GET https://firebase.googleapis.com/v1beta1/projects/genesysaefunai/adminSdkConfig [none]
[debug] [2022-03-05T20:00:25.608Z] <<< [apiv2][status] GET https://firebase.googleapis.com/v1beta1/projects/genesysaefunai/adminSdkConfig 200
[debug] [2022-03-05T20:00:25.609Z] <<< [apiv2][body] GET https://firebase.googleapis.com/v1beta1/projects/genesysaefunai/adminSdkConfig {"projectId":"genesysaefunai","storageBucket":"genesysaefunai.appspot.com","locationId":"us-central"}
[debug] [2022-03-05T20:00:25.624Z] Ignoring unsupported arg: projectId {"metadata":{"emulator":{"name":"firestore"},"message":"Ignoring unsupported arg: projectId"}}
[debug] [2022-03-05T20:00:25.624Z] Ignoring unsupported arg: auto_download {"metadata":{"emulator":{"name":"firestore"},"message":"Ignoring unsupported arg: auto_download"}}
[debug] [2022-03-05T20:00:25.624Z] Starting Firestore Emulator with command {"binary":"java","args":["-Dgoogle.cloud_firestore.debug_log_level=FINE","-Duser.language=en","-jar","C:\\Users\\obumnwabude\\.cache\\firebase\\emulators\\cloud-firestore-emulator-v1.13.1.jar","--host","localhost","--port",8080,"--rules","C:\\Users\\obumnwabude\\code\\community\\firestore.rules","--functions_emulator","localhost:5001"],"optionalArgs":["port","webchannel_port","host","rules","functions_emulator","seed_from_export"],"joinArgs":false} {"metadata":{"emulator":{"name":"firestore"},"message":"Starting Firestore Emulator with command {\"binary\":\"java\",\"args\":[\"-Dgoogle.cloud_firestore.debug_log_level=FINE\",\"-Duser.language=en\",\"-jar\",\"C:\\\\Users\\\\obumnwabude\\\\.cache\\\\firebase\\\\emulators\\\\cloud-firestore-emulator-v1.13.1.jar\",\"--host\",\"localhost\",\"--port\",8080,\"--rules\",\"C:\\\\Users\\\\obumnwabude\\\\code\\\\community\\\\firestore.rules\",\"--functions_emulator\",\"localhost:5001\"],\"optionalArgs\":[\"port\",\"webchannel_port\",\"host\",\"rules\",\"functions_emulator\",\"seed_from_export\"],\"joinArgs\":false}"}}
[info] i  firestore: Firestore Emulator logging to firestore-debug.log {"metadata":{"emulator":{"name":"firestore"},"message":"Firestore Emulator logging to \u001b[1mfirestore-debug.log\u001b[22m"}}
[debug] [2022-03-05T20:00:26.697Z] Mar 05, 2022 9:00:26 PM com.google.cloud.datastore.emulator.firestore.websocket.WebSocketServer start
INFO: Started WebSocket server on ws://localhost:65391
 {"metadata":{"emulator":{"name":"firestore"},"message":"Mar 05, 2022 9:00:26 PM com.google.cloud.datastore.emulator.firestore.websocket.WebSocketServer start\r\nINFO: Started WebSocket server on ws://localhost:65391\r\n"}}
[debug] [2022-03-05T20:00:26.723Z] API endpoint: http://localhost:8080
 {"metadata":{"emulator":{"name":"firestore"},"message":"API endpoint: http://localhost:8080\n"}}
[debug] [2022-03-05T20:00:26.723Z] If you are using a library that supports the FIRESTORE_EMULATOR_HOST environment variable, run:

   export FIRESTORE_EMULATOR_HOST=localhost:8080

Dev App Server is now running.

 {"metadata":{"emulator":{"name":"firestore"},"message":"If you are using a library that supports the FIRESTORE_EMULATOR_HOST environment variable, run:\r\n\n   export FIRESTORE_EMULATOR_HOST=localhost:8080\n\nDev App Server is now running.\n\r\n"}}
[debug] [2022-03-05T20:00:33.838Z] >>> [apiv2][query] GET https://firebasehosting.googleapis.com/v1beta1/projects/genesysaefunai/sites 
[debug] [2022-03-05T20:00:35.541Z] <<< [apiv2][status] GET https://firebasehosting.googleapis.com/v1beta1/projects/genesysaefunai/sites 200
[debug] [2022-03-05T20:00:35.541Z] <<< [apiv2][body] GET https://firebasehosting.googleapis.com/v1beta1/projects/genesysaefunai/sites {"sites":[{"name":"projects/466532500366/sites/genesysaefunai","defaultUrl":"https://genesysaefunai.web.app","type":"DEFAULT_SITE"}]}
[debug] [2022-03-05T20:00:35.542Z] >>> [apiv2][query] GET https://firebase.googleapis.com/v1beta1/projects/genesysaefunai/webApps/-/config [none]
[debug] [2022-03-05T20:00:36.567Z] <<< [apiv2][status] GET https://firebase.googleapis.com/v1beta1/projects/genesysaefunai/webApps/-/config 200
[debug] [2022-03-05T20:00:36.567Z] <<< [apiv2][body] GET https://firebase.googleapis.com/v1beta1/projects/genesysaefunai/webApps/-/config {"projectId":"genesysaefunai","appId":"1:466532500366:web:11ee59a505393460185adf","storageBucket":"genesysaefunai.appspot.com","locationId":"us-central","apiKey":"AIzaSyCMx_R6eTYktx_U24ThA0DVUNbiY0dAka0","authDomain":"genesysaefunai.firebaseapp.com","messagingSenderId":"466532500366","measurementId":"G-21MEJ94HY8"}
[info] i  hosting[community]: Serving hosting files from: dist/community {"metadata":{"emulator":{"name":"hosting"},"message":"Serving hosting files from: \u001b[1mdist/community\u001b[22m"}}
[info] +  hosting[community]: Local server: http://localhost:5000 {"metadata":{"emulator":{"name":"hosting"},"message":"Local server: \u001b[4m\u001b[1mhttp://localhost:5000\u001b[22m\u001b[24m"}}
[debug] [2022-03-05T20:00:36.601Z] Ignoring unsupported arg: auto_download {"metadata":{"emulator":{"name":"ui"},"message":"Ignoring unsupported arg: auto_download"}}
[debug] [2022-03-05T20:00:36.602Z] Ignoring unsupported arg: port {"metadata":{"emulator":{"name":"ui"},"message":"Ignoring unsupported arg: port"}}
[debug] [2022-03-05T20:00:36.602Z] Starting Emulator UI with command {"binary":"node","args":["C:\\Users\\obumnwabude\\.cache\\firebase\\emulators\\ui-v1.6.5\\server.bundle.js"],"optionalArgs":[],"joinArgs":false} {"metadata":{"emulator":{"name":"ui"},"message":"Starting Emulator UI with command {\"binary\":\"node\",\"args\":[\"C:\\\\Users\\\\obumnwabude\\\\.cache\\\\firebase\\\\emulators\\\\ui-v1.6.5\\\\server.bundle.js\"],\"optionalArgs\":[],\"joinArgs\":false}"}}
[info] i  ui: Emulator UI logging to ui-debug.log {"metadata":{"emulator":{"name":"ui"},"message":"Emulator UI logging to \u001b[1mui-debug.log\u001b[22m"}}
[debug] [2022-03-05T20:00:36.717Z] Web / API server started at localhost:4000
 {"metadata":{"emulator":{"name":"ui"},"message":"Web / API server started at localhost:4000\n"}}
[info] i  functions: Watching "C:\Users\obumnwabude\code\community\dist\apps\functions" for Cloud Functions... {"metadata":{"emulator":{"name":"functions"},"message":"Watching \"C:\\Users\\obumnwabude\\code\\community\\dist\\apps\\functions\" for Cloud Functions..."}}
[debug] [2022-03-05T20:00:36.877Z] Validating nodejs source
[debug] [2022-03-05T20:00:37.796Z] checkFunctionsSDKVersion encountered error:Invalid Version:  {}
[debug] [2022-03-05T20:00:37.797Z] > [functions] package.json contents: {
  "engines": {
    "node": "16"
  },
  "main": "main.js",
  "dependencies": {
    "firebase-admin": "^10.0.2",
    "firebase-functions": "^3.18.1"
  }
}
[debug] [2022-03-05T20:00:37.798Z] Building nodejs source
[debug] [2022-03-05T20:00:37.798Z] Analyzing nodejs backend spec
[debug] [2022-03-05T20:00:37.955Z] addAuthTrigger {"eventTrigger":{"eventType":"providers/firebase.auth/eventTypes/user.create","resource":"projects/genesysaefunai"}}
[info] +  functions[us-central1-createFirestoreMember]: auth function initialized. {"metadata":{"emulator":{"name":"functions"},"message":"\u001b[1mauth\u001b[22m function initialized."}}
[debug] [2022-03-05T20:00:37.956Z] addAuthTrigger {"eventTrigger":{"eventType":"providers/firebase.auth/eventTypes/user.delete","resource":"projects/genesysaefunai"}}
[info] +  functions[us-central1-deleteFirestoreMember]: auth function initialized. {"metadata":{"emulator":{"name":"functions"},"message":"\u001b[1mauth\u001b[22m function initialized."}}
[info] 
┌─────────────────────────────────────────────────────────────┐
│ ✔  All emulators ready! It is now safe to connect your app. │
│ i  View Emulator UI at http://localhost:4000                │
└─────────────────────────────────────────────────────────────┘

┌────────────────┬────────────────┬─────────────────────────────────┐
│ Emulator       │ Host:Port      │ View in Emulator UI             │
├────────────────┼────────────────┼─────────────────────────────────┤
│ Authentication │ localhost:9099 │ http://localhost:4000/auth      │
├────────────────┼────────────────┼─────────────────────────────────┤
│ Functions      │ localhost:5001 │ http://localhost:4000/functions │
├────────────────┼────────────────┼─────────────────────────────────┤
│ Firestore      │ localhost:8080 │ http://localhost:4000/firestore │
├────────────────┼────────────────┼─────────────────────────────────┤
│ Hosting        │ localhost:5000 │ n/a                             │
└────────────────┴────────────────┴─────────────────────────────────┘
  Emulator Hub running at localhost:4400
  Other reserved ports: 4500

Issues? Report them at https://github.com/firebase/firebase-tools/issues and attach the *-debug.log files.
 
[debug] [2022-03-05T20:00:46.452Z] Mar 05, 2022 9:00:46 PM io.gapi.emulators.netty.HttpVersionRoutingHandler channelRead
INFO: Detected non-HTTP/2 connection.
 {"metadata":{"emulator":{"name":"firestore"},"message":"Mar 05, 2022 9:00:46 PM io.gapi.emulators.netty.HttpVersionRoutingHandler channelRead\r\nINFO: Detected non-HTTP/2 connection.\r\n"}}
[debug] [2022-03-05T20:00:46.686Z] Mar 05, 2022 9:00:46 PM io.gapi.emulators.netty.HttpVersionRoutingHandler channelRead
INFO: Detected non-HTTP/2 connection.
 {"metadata":{"emulator":{"name":"firestore"},"message":"Mar 05, 2022 9:00:46 PM io.gapi.emulators.netty.HttpVersionRoutingHandler channelRead\r\nINFO: Detected non-HTTP/2 connection.\r\n"}}
[debug] [2022-03-05T20:00:47.561Z] Mar 05, 2022 9:00:47 PM io.gapi.emulators.netty.HttpVersionRoutingHandler channelRead
INFO: Detected non-HTTP/2 connection.
 {"metadata":{"emulator":{"name":"firestore"},"message":"Mar 05, 2022 9:00:47 PM io.gapi.emulators.netty.HttpVersionRoutingHandler channelRead\r\nINFO: Detected non-HTTP/2 connection.\r\n"}}
